  main.cpp
c:\users\gita\git\mate20-projetos\forwardplus-old\main.cpp(460): warning C4305: '+=': truncamento de 'double' para 'float'
c:\users\gita\git\mate20-projetos\forwardplus-old\main.cpp(540): error C2065: 'name': identificador não declarado
c:\users\gita\git\mate20-projetos\forwardplus-old\main.cpp(540): error C2065: 'number': identificador não declarado
c:\users\gita\git\mate20-projetos\forwardplus-old\main.cpp(540): error C2228: esquerda de '.c_str' deve possuir class/struct/union
c:\users\gita\git\mate20-projetos\forwardplus-old\main.cpp(540): error C2198: 'PFNGLGETUNIFORMLOCATIONPROC': poucos argumentos para chamada
c:\users\gita\git\mate20-projetos\forwardplus-old\main.cpp(540): error C2065: 'i': identificador não declarado
c:\users\gita\git\mate20-projetos\forwardplus-old\main.cpp(541): error C2355: 'this': é possível referenciar apenas dentro de funções de membro não estáticas ou inicializadores de membros de dados não estáticos
c:\users\gita\git\mate20-projetos\forwardplus-old\main.cpp(541): error C2227: esquerda de '->textures' deve apontar para tipo class/struct/union/generic
c:\users\gita\git\mate20-projetos\forwardplus-old\main.cpp(541): error C2065: 'i': identificador não declarado
c:\users\gita\git\mate20-projetos\forwardplus-old\main.cpp(541): error C2228: esquerda de '.id' deve possuir class/struct/union
c:\users\gita\git\mate20-projetos\forwardplus-old\main.cpp(541): error C2660: 'glBindTexture': função não recebe 1 argumentos
c:\users\gita\git\mate20-projetos\forwardplus-old\main.cpp(544): error C2355: 'this': é possível referenciar apenas dentro de funções de membro não estáticas ou inicializadores de membros de dados não estáticos
c:\users\gita\git\mate20-projetos\forwardplus-old\main.cpp(544): error C2227: esquerda de '->VAO' deve apontar para tipo class/struct/union/generic
c:\users\gita\git\mate20-projetos\forwardplus-old\main.cpp(545): error C2355: 'this': é possível referenciar apenas dentro de funções de membro não estáticas ou inicializadores de membros de dados não estáticos
c:\users\gita\git\mate20-projetos\forwardplus-old\main.cpp(545): error C2227: esquerda de '->indices' deve apontar para tipo class/struct/union/generic
c:\users\gita\git\mate20-projetos\forwardplus-old\main.cpp(545): error C2228: esquerda de '.size' deve possuir class/struct/union
c:\users\gita\git\mate20-projetos\forwardplus-old\main.cpp(545): error C2660: 'glDrawElements': função não recebe 3 argumentos
c:\users\gita\git\mate20-projetos\forwardplus-old\main.cpp(549): error C2355: 'this': é possível referenciar apenas dentro de funções de membro não estáticas ou inicializadores de membros de dados não estáticos
c:\users\gita\git\mate20-projetos\forwardplus-old\main.cpp(549): error C2227: esquerda de '->textures' deve apontar para tipo class/struct/union/generic
c:\users\gita\git\mate20-projetos\forwardplus-old\main.cpp(549): error C2228: esquerda de '.size' deve possuir class/struct/union
c:\users\gita\git\mate20-projetos\forwardplus-old\main.cpp(574): error C2355: 'this': é possível referenciar apenas dentro de funções de membro não estáticas ou inicializadores de membros de dados não estáticos
c:\users\gita\git\mate20-projetos\forwardplus-old\main.cpp(574): error C2227: esquerda de '->VAO' deve apontar para tipo class/struct/union/generic
c:\users\gita\git\mate20-projetos\forwardplus-old\main.cpp(574): error C2198: 'PFNGLGENVERTEXARRAYSPROC': poucos argumentos para chamada
c:\users\gita\git\mate20-projetos\forwardplus-old\main.cpp(575): error C2355: 'this': é possível referenciar apenas dentro de funções de membro não estáticas ou inicializadores de membros de dados não estáticos
c:\users\gita\git\mate20-projetos\forwardplus-old\main.cpp(575): error C2227: esquerda de '->VBO' deve apontar para tipo class/struct/union/generic
c:\users\gita\git\mate20-projetos\forwardplus-old\main.cpp(575): error C2198: 'PFNGLGENBUFFERSPROC': poucos argumentos para chamada
c:\users\gita\git\mate20-projetos\forwardplus-old\main.cpp(576): error C2355: 'this': é possível referenciar apenas dentro de funções de membro não estáticas ou inicializadores de membros de dados não estáticos
c:\users\gita\git\mate20-projetos\forwardplus-old\main.cpp(576): error C2227: esquerda de '->EBO' deve apontar para tipo class/struct/union/generic
c:\users\gita\git\mate20-projetos\forwardplus-old\main.cpp(576): error C2198: 'PFNGLGENBUFFERSPROC': poucos argumentos para chamada
c:\users\gita\git\mate20-projetos\forwardplus-old\main.cpp(578): error C2355: 'this': é possível referenciar apenas dentro de funções de membro não estáticas ou inicializadores de membros de dados não estáticos
c:\users\gita\git\mate20-projetos\forwardplus-old\main.cpp(578): error C2227: esquerda de '->VAO' deve apontar para tipo class/struct/union/generic
c:\users\gita\git\mate20-projetos\forwardplus-old\main.cpp(580): error C2355: 'this': é possível referenciar apenas dentro de funções de membro não estáticas ou inicializadores de membros de dados não estáticos
c:\users\gita\git\mate20-projetos\forwardplus-old\main.cpp(580): error C2227: esquerda de '->VBO' deve apontar para tipo class/struct/union/generic
c:\users\gita\git\mate20-projetos\forwardplus-old\main.cpp(580): error C2198: 'PFNGLBINDBUFFERPROC': poucos argumentos para chamada
c:\users\gita\git\mate20-projetos\forwardplus-old\main.cpp(581): error C2355: 'this': é possível referenciar apenas dentro de funções de membro não estáticas ou inicializadores de membros de dados não estáticos
c:\users\gita\git\mate20-projetos\forwardplus-old\main.cpp(581): error C2227: esquerda de '->vertices' deve apontar para tipo class/struct/union/generic
c:\users\gita\git\mate20-projetos\forwardplus-old\main.cpp(581): error C2228: esquerda de '.size' deve possuir class/struct/union
c:\users\gita\git\mate20-projetos\forwardplus-old\main.cpp(581): error C2065: 'Vertex': identificador não declarado
c:\users\gita\git\mate20-projetos\forwardplus-old\main.cpp(581): error C2198: 'PFNGLBUFFERDATAPROC': poucos argumentos para chamada
c:\users\gita\git\mate20-projetos\forwardplus-old\main.cpp(583): error C2355: 'this': é possível referenciar apenas dentro de funções de membro não estáticas ou inicializadores de membros de dados não estáticos
c:\users\gita\git\mate20-projetos\forwardplus-old\main.cpp(583): error C2227: esquerda de '->EBO' deve apontar para tipo class/struct/union/generic
c:\users\gita\git\mate20-projetos\forwardplus-old\main.cpp(583): error C2198: 'PFNGLBINDBUFFERPROC': poucos argumentos para chamada
c:\users\gita\git\mate20-projetos\forwardplus-old\main.cpp(584): error C2355: 'this': é possível referenciar apenas dentro de funções de membro não estáticas ou inicializadores de membros de dados não estáticos
c:\users\gita\git\mate20-projetos\forwardplus-old\main.cpp(584): error C2227: esquerda de '->indices' deve apontar para tipo class/struct/union/generic
c:\users\gita\git\mate20-projetos\forwardplus-old\main.cpp(584): error C2228: esquerda de '.size' deve possuir class/struct/union
c:\users\gita\git\mate20-projetos\forwardplus-old\main.cpp(584): error C2198: 'PFNGLBUFFERDATAPROC': poucos argumentos para chamada
c:\users\gita\git\mate20-projetos\forwardplus-old\main.cpp(589): error C2065: 'Vertex': identificador não declarado
c:\users\gita\git\mate20-projetos\forwardplus-old\main.cpp(593): error C2065: 'Vertex': identificador não declarado
c:\users\gita\git\mate20-projetos\forwardplus-old\main.cpp(593): error C2132: erro de sintaxe: identificador inesperado
c:\users\gita\git\mate20-projetos\forwardplus-old\main.cpp(597): error C2065: 'Vertex': identificador não declarado
c:\users\gita\git\mate20-projetos\forwardplus-old\main.cpp(597): error C2132: erro de sintaxe: identificador inesperado
c:\users\gita\git\mate20-projetos\forwardplus-old\main.cpp(601): error C2065: 'Vertex': identificador não declarado
c:\users\gita\git\mate20-projetos\forwardplus-old\main.cpp(601): error C2132: erro de sintaxe: identificador inesperado
c:\users\gita\git\mate20-projetos\forwardplus-old\main.cpp(605): error C2065: 'Vertex': identificador não declarado
c:\users\gita\git\mate20-projetos\forwardplus-old\main.cpp(605): error C2132: erro de sintaxe: identificador inesperado
c:\users\gita\git\mate20-projetos\forwardplus-old\main.cpp(834): warning C4305: '*=': truncamento de 'double' para 'float'
c:\users\gita\git\mate20-projetos\forwardplus-old\main.cpp(835): warning C4305: '*=': truncamento de 'double' para 'float'
c:\users\gita\git\mate20-projetos\forwardplus-old\main.cpp(836): warning C4305: '*=': truncamento de 'double' para 'float'
c:\users\gita\git\mate20-projetos\forwardplus-old\main.cpp(837): warning C4305: '*=': truncamento de 'double' para 'float'
c:\users\gita\git\mate20-projetos\forwardplus-old\main.cpp(838): warning C4305: '*=': truncamento de 'double' para 'float'
c:\users\gita\git\mate20-projetos\forwardplus-old\main.cpp(839): warning C4305: '*=': truncamento de 'double' para 'float'
