  Ignorando... (nenhuma alteração relevante detectada)
  main.cpp
main.obj : error LNK2019: símbolo externo indefinido aiImportFile referenciado na função "void __cdecl loadMesh(char *,struct aiScene const *,class aiVector3t<float>,class aiVector3t<float>,class aiVector3t<float>)" (?loadMesh@@YAXPEADPEBUaiScene@@V?$aiVector3t@M@@22@Z)
main.obj : error LNK2019: símbolo externo indefinido aiGetPredefinedLogStream referenciado na função "void __cdecl initASSIMP(void)" (?initASSIMP@@YAXXZ)
main.obj : error LNK2019: símbolo externo indefinido aiAttachLogStream referenciado na função "void __cdecl initASSIMP(void)" (?initASSIMP@@YAXXZ)
main.obj : error LNK2019: símbolo externo indefinido aiDetachAllLogStreams referenciado na função main
main.obj : error LNK2019: símbolo externo indefinido aiReleaseImport referenciado na função main
main.obj : error LNK2019: símbolo externo indefinido aiTransformVecByMatrix4 referenciado na função "void __cdecl get_bounding_box_for_node(struct aiScene const *,struct aiNode const *,class aiVector3t<float> *,class aiVector3t<float> *,class aiMatrix4x4t<float> *)" (?get_bounding_box_for_node@@YAXPEBUaiScene@@PEBUaiNode@@PEAV?$aiVector3t@M@@2PEAV?$aiMatrix4x4t@M@@@Z)
main.obj : error LNK2019: símbolo externo indefinido aiMultiplyMatrix4 referenciado na função "void __cdecl get_bounding_box_for_node(struct aiScene const *,struct aiNode const *,class aiVector3t<float> *,class aiVector3t<float> *,class aiMatrix4x4t<float> *)" (?get_bounding_box_for_node@@YAXPEBUaiScene@@PEBUaiNode@@PEAV?$aiVector3t@M@@2PEAV?$aiMatrix4x4t@M@@@Z)
main.obj : error LNK2019: símbolo externo indefinido aiIdentityMatrix4 referenciado na função "void __cdecl loadMesh(char *,struct aiScene const *,class aiVector3t<float>,class aiVector3t<float>,class aiVector3t<float>)" (?loadMesh@@YAXPEADPEBUaiScene@@V?$aiVector3t@M@@22@Z)
main.obj : error LNK2019: símbolo externo indefinido glewInit referenciado na função "void __cdecl initGL(struct GLFWwindow *)" (?initGL@@YAXPEAUGLFWwindow@@@Z)
main.obj : error LNK2019: símbolo externo indefinido glewGetString referenciado na função "void __cdecl initGL(struct GLFWwindow *)" (?initGL@@YAXPEAUGLFWwindow@@@Z)
main.obj : error LNK2019: símbolo externo indefinido glfwInit referenciado na função "struct GLFWwindow * __cdecl initGLFW(char *,int,int)" (?initGLFW@@YAPEAUGLFWwindow@@PEADHH@Z)
main.obj : error LNK2019: símbolo externo indefinido glfwTerminate referenciado na função "struct GLFWwindow * __cdecl initGLFW(char *,int,int)" (?initGLFW@@YAPEAUGLFWwindow@@PEADHH@Z)
main.obj : error LNK2019: símbolo externo indefinido glfwSetErrorCallback referenciado na função "struct GLFWwindow * __cdecl initGLFW(char *,int,int)" (?initGLFW@@YAPEAUGLFWwindow@@PEADHH@Z)
main.obj : error LNK2019: símbolo externo indefinido glfwWindowHint referenciado na função "struct GLFWwindow * __cdecl initGLFW(char *,int,int)" (?initGLFW@@YAPEAUGLFWwindow@@PEADHH@Z)
main.obj : error LNK2019: símbolo externo indefinido glfwCreateWindow referenciado na função "struct GLFWwindow * __cdecl initGLFW(char *,int,int)" (?initGLFW@@YAPEAUGLFWwindow@@PEADHH@Z)
main.obj : error LNK2019: símbolo externo indefinido glfwDestroyWindow referenciado na função main
main.obj : error LNK2019: símbolo externo indefinido glfwWindowShouldClose referenciado na função "void __cdecl GLFW_MainLoop(struct GLFWwindow *)" (?GLFW_MainLoop@@YAXPEAUGLFWwindow@@@Z)
main.obj : error LNK2019: símbolo externo indefinido glfwSetWindowShouldClose referenciado na função "void __cdecl key_callback(struct GLFWwindow *,int,int,int,int)" (?key_callback@@YAXPEAUGLFWwindow@@HHHH@Z)
main.obj : error LNK2019: símbolo externo indefinido glfwSetWindowSizeCallback referenciado na função "struct GLFWwindow * __cdecl initGLFW(char *,int,int)" (?initGLFW@@YAPEAUGLFWwindow@@PEADHH@Z)
main.obj : error LNK2019: símbolo externo indefinido glfwPollEvents referenciado na função "void __cdecl GLFW_MainLoop(struct GLFWwindow *)" (?GLFW_MainLoop@@YAXPEAUGLFWwindow@@@Z)
main.obj : error LNK2019: símbolo externo indefinido glfwSetKeyCallback referenciado na função "struct GLFWwindow * __cdecl initGLFW(char *,int,int)" (?initGLFW@@YAPEAUGLFWwindow@@PEADHH@Z)
main.obj : error LNK2019: símbolo externo indefinido glfwGetTime referenciado na função "void __cdecl GLFW_MainLoop(struct GLFWwindow *)" (?GLFW_MainLoop@@YAXPEAUGLFWwindow@@@Z)
main.obj : error LNK2019: símbolo externo indefinido glfwMakeContextCurrent referenciado na função "struct GLFWwindow * __cdecl initGLFW(char *,int,int)" (?initGLFW@@YAPEAUGLFWwindow@@PEADHH@Z)
main.obj : error LNK2019: símbolo externo indefinido glfwSwapBuffers referenciado na função "void __cdecl GLFW_MainLoop(struct GLFWwindow *)" (?GLFW_MainLoop@@YAXPEAUGLFWwindow@@@Z)
main.obj : error LNK2019: símbolo externo indefinido glfwSwapInterval referenciado na função "struct GLFWwindow * __cdecl initGLFW(char *,int,int)" (?initGLFW@@YAPEAUGLFWwindow@@PEADHH@Z)
main.obj : error LNK2019: símbolo externo indefinido "unsigned int __cdecl InitShader(char const *,char const *)" (?InitShader@@YAIPEBD0@Z) referenciado na função "void __cdecl initShaders(void)" (?initShaders@@YAXXZ)
main.obj : error LNK2001: símbolos externos indefinidos __glewBindBuffer
main.obj : error LNK2001: símbolos externos indefinidos __glewBufferData
main.obj : error LNK2001: símbolos externos indefinidos __glewGenBuffers
main.obj : error LNK2001: símbolos externos indefinidos __glewEnableVertexAttribArray
main.obj : error LNK2001: símbolos externos indefinidos __glewGetUniformLocation
main.obj : error LNK2001: símbolos externos indefinidos __glewUniform1i
main.obj : error LNK2001: símbolos externos indefinidos __glewUniform2iv
main.obj : error LNK2001: símbolos externos indefinidos __glewUniformMatrix4fv
main.obj : error LNK2001: símbolos externos indefinidos __glewUseProgram
main.obj : error LNK2001: símbolos externos indefinidos __glewVertexAttribPointer
main.obj : error LNK2001: símbolos externos indefinidos __glewBindFramebuffer
main.obj : error LNK2001: símbolos externos indefinidos __glewBindRenderbuffer
main.obj : error LNK2001: símbolos externos indefinidos __glewFramebufferRenderbuffer
main.obj : error LNK2001: símbolos externos indefinidos __glewFramebufferTexture2D
main.obj : error LNK2001: símbolos externos indefinidos __glewGenFramebuffers
main.obj : error LNK2001: símbolos externos indefinidos __glewGenRenderbuffers
main.obj : error LNK2001: símbolos externos indefinidos __glewRenderbufferStorage
main.obj : error LNK2001: símbolos externos indefinidos __glewBindBufferBase
main.obj : error LNK2001: símbolos externos indefinidos __glewBindVertexArray
main.obj : error LNK2001: símbolos externos indefinidos __glewGenVertexArrays
C:\Users\gita\git\Transparencia\Dependencies\GLFW\lib-vc2015\glfw3.lib : warning LNK4272: o tipo de máquina da biblioteca 'x86' está em conflito com o tipo de máquina de destino 'x64'
C:\Users\gita\git\Transparencia\Dependencies\GLEW\lib\glew32s.lib : warning LNK4272: o tipo de máquina da biblioteca 'x86' está em conflito com o tipo de máquina de destino 'x64'
C:\Users\gita\git\Transparencia\Dependencies\assimp\lib\x86\assimp.lib : warning LNK4272: o tipo de máquina da biblioteca 'x86' está em conflito com o tipo de máquina de destino 'x64'
C:\Users\gita\git\Transparencia\x64\Debug\ForwardPlus.exe : fatal error LNK1120: 46 externo não resolvidos
